<?xml version="1.0" encoding="UTF-8"?>
<testsuite name="AppTest" tests="3" skipped="0" failures="0" errors="0" timestamp="2016-01-08T18:45:20" hostname="NDR-Mac.local" time="0.006">
  <properties/>
  <testcase name="puzzledWord_shouldReplaceAWithDash_dash" classname="AppTest" time="0.003"/>
  <testcase name="puzzledWord_shouldReplacedApplewithDashPPLDash_dashppldash" classname="AppTest" time="0.001"/>
  <testcase name="puzzledWord_shouldReplaceEWithDash_dash" classname="AppTest" time="0.0"/>
  <system-out><![CDATA[]]></system-out>
  <system-err><![CDATA[]]></system-err>
</testsuite>
