<?xml version="1.0" encoding="UTF-8"?>
<testsuite name="AppTest" tests="2" skipped="0" failures="0" errors="0" timestamp="2016-01-08T18:37:11" hostname="NDR-Mac.local" time="0.005">
  <properties/>
  <testcase name="puzzledWord_shouldReplaceAWithDash_dash" classname="AppTest" time="0.004"/>
  <testcase name="puzzledWord_shouldReplaceEWithDash_dash" classname="AppTest" time="0.001"/>
  <system-out><![CDATA[]]></system-out>
  <system-err><![CDATA[]]></system-err>
</testsuite>
