<?xml version="1.0" encoding="UTF-8"?>
<testsuite name="AppTest" tests="1" skipped="0" failures="0" errors="0" timestamp="2016-01-08T18:05:53" hostname="NDR-Mac.local" time="0.003">
  <properties/>
  <testcase name="puzzledWord_shouldReplaceAWithDash_dash" classname="AppTest" time="0.003"/>
  <system-out><![CDATA[]]></system-out>
  <system-err><![CDATA[]]></system-err>
</testsuite>
