<?xml version="1.0" encoding="UTF-8"?>
<testsuite name="IntegrationTest" tests="3" skipped="0" failures="0" errors="0" timestamp="2016-01-08T21:12:31" hostname="NDR-Mac.local" time="0.745">
  <properties/>
  <testcase name="twoWordsInputTest" classname="IntegrationTest" time="0.665"/>
  <testcase name="rootTest" classname="IntegrationTest" time="0.018"/>
  <testcase name="singleWordInputTest" classname="IntegrationTest" time="0.045"/>
  <system-out><![CDATA[]]></system-out>
  <system-err><![CDATA[[Thread-4] INFO spark.webserver.SparkServer - == Spark has ignited ...
[Thread-4] INFO spark.webserver.SparkServer - >> Listening on 0.0.0.0:4567
[Thread-4] INFO org.eclipse.jetty.server.Server - jetty-9.0.2.v20130417
[Thread-4] INFO org.eclipse.jetty.server.ServerConnector - Started ServerConnector@5b5b21b5{HTTP/1.1}{0.0.0.0:4567}
[Test worker] INFO spark.webserver.SparkServer - >>> Spark shutting down ...
[Test worker] INFO org.eclipse.jetty.server.Server - Graceful shutdown org.eclipse.jetty.server.Server@217977c9 by 
[Test worker] INFO org.eclipse.jetty.server.ServerConnector - Stopped ServerConnector@5b5b21b5{HTTP/1.1}{0.0.0.0:4567}
[Test worker] INFO spark.webserver.SparkServer - done
]]></system-err>
</testsuite>
