<?xml version="1.0" encoding="UTF-8"?>
<testsuite name="AppTest" tests="1" skipped="0" failures="0" errors="0" timestamp="2016-01-08T18:00:43" hostname="NDR-Mac.local" time="0.001">
  <properties/>
  <testcase name="App_shouldReplaceAWithDash_dash" classname="AppTest" time="0.001"/>
  <system-out><![CDATA[]]></system-out>
  <system-err><![CDATA[]]></system-err>
</testsuite>
